=>[{registered_name,init},
   {current_function,{init,loop,1}},     %% 当前进程调用的方法, {Module, Function, Args}
   {initial_call,{otp_ring0,start,2}},
   {status,waiting},
   {message_queue_len,0},
   {messages,[]},
   {links,[<0.32.0>,<0.33.0>,<0.6.0>]},
   {dictionary,[]},
   {trap_exit,true},
   {error_handler,error_handler},
   {priority,normal},
   {group_leader,<0.0.0>},
   {total_heap_size,752},
   {heap_size,376},
   {stack_size,2},
   {reductions,1135},
   {garbage_collection,
       [{max_heap_size,#{error_logger => true,kill => true,size => 0}},
        {min_bin_vheap_size,46422},
        {min_heap_size,233},
        {fullsweep_after,65535},
        {minor_gcs,1}]},
   {suspending,[]}] 

=>[{registered_name,erts_code_purger},
   {current_function,{erts_code_purger,wait_for_request,0}},
   {initial_call,{erts_code_purger,start,0}},
   {status,waiting},
   {message_queue_len,0},
   {messages,[]},
   {links,[]},
   {dictionary,[]},
   {trap_exit,true},
   {error_handler,error_handler},
   {priority,normal},
   {group_leader,<0.0.0>},
   {total_heap_size,233},
   {heap_size,233},
   {stack_size,0},
   {reductions,4},
   {garbage_collection,
       [{max_heap_size,#{error_logger => true,kill => true,size => 0}},
        {min_bin_vheap_size,46422},
        {min_heap_size,233},
        {fullsweep_after,65535},
        {minor_gcs,0}]},
   {suspending,[]}] 

=>[{current_function,{erts_literal_area_collector,msg_loop,4}},
   {initial_call,{erts_literal_area_collector,start,0}},
   {status,waiting},
   {message_queue_len,0},
   {messages,[]},
   {links,[]},
   {dictionary,[]},
   {trap_exit,true},
   {error_handler,error_handler},
   {priority,normal},
   {group_leader,<0.0.0>},
   {total_heap_size,233},
   {heap_size,233},
   {stack_size,5},
   {reductions,3},
   {garbage_collection,
       [{max_heap_size,#{error_logger => true,kill => true,size => 0}},
        {min_bin_vheap_size,46422},
        {min_heap_size,233},
        {fullsweep_after,65535},
        {minor_gcs,0}]},
   {suspending,[]}] 

=>[{current_function,{erts_dirty_process_code_checker,msg_loop,0}},
   {initial_call,{erts_dirty_process_code_checker,start,0}},
   {status,waiting},
   {message_queue_len,0},
   {messages,[]},
   {links,[]},
   {dictionary,[]},
   {trap_exit,true},
   {error_handler,error_handler},
   {priority,normal},
   {group_leader,<0.0.0>},
   {total_heap_size,233},
   {heap_size,233},
   {stack_size,1},
   {reductions,3},
   {garbage_collection,
       [{max_heap_size,#{error_logger => true,kill => true,size => 0}},
        {min_bin_vheap_size,46422},
        {min_heap_size,233},
        {fullsweep_after,65535},
        {minor_gcs,0}]},
   {suspending,[]}] 

=>[{registered_name,erl_prim_loader},
   {current_function,{erl_prim_loader,loop,3}},
   {initial_call,{erlang,apply,2}},
   {status,waiting},
   {message_queue_len,0},
   {messages,[]},
   {links,[#Port<0.1>,<0.0.0>]},
   {dictionary,[]},
   {trap_exit,true},
   {error_handler,error_handler},
   {priority,normal},
   {group_leader,<0.0.0>},
   {total_heap_size,2819},
   {heap_size,233},
   {stack_size,5},
   {reductions,133512},
   {garbage_collection,
       [{max_heap_size,#{error_logger => true,kill => true,size => 0}},
        {min_bin_vheap_size,46422},
        {min_heap_size,233},
        {fullsweep_after,65535},
        {minor_gcs,10}]},
   {suspending,[]}] 

=>[{registered_name,error_logger},
   {current_function,{gen_event,fetch_msg,6}},
   {initial_call,{proc_lib,init_p,5}},
   {status,waiting},
   {message_queue_len,0},
   {messages,[]},
   {links,[<0.0.0>,<0.53.0>]},
   {dictionary,
       [{'$initial_call',{gen_event,init_it,6}},{'$ancestors',[<0.5.0>]}]},
   {trap_exit,true},
   {error_handler,error_handler},
   {priority,normal},
   {group_leader,<0.53.0>},
   {total_heap_size,1262},
   {heap_size,610},
   {stack_size,10},
   {reductions,322},
   {garbage_collection,
       [{max_heap_size,#{error_logger => true,kill => true,size => 0}},
        {min_bin_vheap_size,46422},
        {min_heap_size,233},
        {fullsweep_after,65535},
        {minor_gcs,2}]},
   {suspending,[]}] 

=>[{registered_name,application_controller},
   {current_function,{gen_server,loop,7}},
   {initial_call,{erlang,apply,2}},
   {status,waiting},
   {message_queue_len,0},
   {messages,[]},
   {links,[<0.35.0>,<0.0.0>]},
   {dictionary,
       [{'$initial_call',{application_controller,start,1}},
        {'$ancestors',[<0.5.0>]}]},
   {trap_exit,true},
   {error_handler,error_handler},
   {priority,normal},
   {group_leader,<0.53.0>},
   {total_heap_size,3196},
   {heap_size,1598},
   {stack_size,7},
   {reductions,551},
   {garbage_collection,
       [{max_heap_size,#{error_logger => true,kill => true,size => 0}},
        {min_bin_vheap_size,46422},
        {min_heap_size,233},
        {fullsweep_after,65535},
        {minor_gcs,3}]},
   {suspending,[]}] 

=>[{current_function,{application_master,main_loop,2}},
   {initial_call,{proc_lib,init_p,5}},
   {status,waiting},
   {message_queue_len,0},
   {messages,[]},
   {links,[<0.33.0>,<0.36.0>]},
   {dictionary,
       [{'$initial_call',{application_master,init,4}},
        {'$ancestors',[<0.34.0>]}]},
   {trap_exit,true},
   {error_handler,error_handler},
   {priority,normal},
   {group_leader,<0.35.0>},
   {total_heap_size,609},
   {heap_size,233},
   {stack_size,7},
   {reductions,69},
   {garbage_collection,
       [{max_heap_size,#{error_logger => true,kill => true,size => 0}},
        {min_bin_vheap_size,46422},
        {min_heap_size,233},
        {fullsweep_after,65535},
        {minor_gcs,1}]},
   {suspending,[]}] 

=>[{current_function,{application_master,loop_it,4}},
   {initial_call,{application_master,start_it,4}},
   {status,waiting},
   {message_queue_len,0},
   {messages,[]},
   {links,[<0.35.0>,<0.37.0>]},
   {dictionary,[]},
   {trap_exit,true},
   {error_handler,error_handler},
   {priority,normal},
   {group_leader,<0.35.0>},
   {total_heap_size,233},
   {heap_size,233},
   {stack_size,5},
   {reductions,90},
   {garbage_collection,
       [{max_heap_size,#{error_logger => true,kill => true,size => 0}},
        {min_bin_vheap_size,46422},
        {min_heap_size,233},
        {fullsweep_after,65535},
        {minor_gcs,0}]},
   {suspending,[]}] 

=>[{registered_name,kernel_sup},
   {current_function,{gen_server,loop,7}},
   {initial_call,{proc_lib,init_p,5}},
   {status,waiting},
   {message_queue_len,0},
   {messages,[]},
   {links,
       [<0.48.0>,<0.51.0>,<0.55.0>,<0.56.0>,<0.49.0>,<0.41.0>,<0.46.0>,
        <0.47.0>,<0.44.0>,<0.38.0>,<0.40.0>,<0.36.0>]},
   {dictionary,
       [{'$initial_call',{supervisor,kernel,1}},{'$ancestors',[<0.36.0>]}]},
   {trap_exit,true},
   {error_handler,error_handler},
   {priority,normal},
   {group_leader,<0.35.0>},
   {total_heap_size,7148},
   {heap_size,6772},
   {stack_size,10},
   {reductions,2247},
   {garbage_collection,
       [{max_heap_size,#{error_logger => true,kill => true,size => 0}},
        {min_bin_vheap_size,46422},
        {min_heap_size,233},
        {fullsweep_after,65535},
        {minor_gcs,5}]},
   {suspending,[]}] 

=>[{registered_name,code_server},
   {current_function,{code_server,loop,1}},
   {initial_call,{erlang,apply,2}},
   {status,waiting},
   {message_queue_len,0},
   {messages,[]},
   {links,[<0.37.0>]},
   {dictionary,[]},
   {trap_exit,true},
   {error_handler,error_handler},
   {priority,normal},
   {group_leader,<0.35.0>},
   {total_heap_size,31276},
   {heap_size,2586},
   {stack_size,3},
   {reductions,104177},
   {garbage_collection,
       [{max_heap_size,#{error_logger => true,kill => true,size => 0}},
        {min_bin_vheap_size,46422},
        {min_heap_size,233},
        {fullsweep_after,65535},
        {minor_gcs,5}]},
   {suspending,[]}] 

=>[{registered_name,rex},
   {current_function,{gen_server,loop,7}},
   {initial_call,{proc_lib,init_p,5}},
   {status,waiting},
   {message_queue_len,0},
   {messages,[]},
   {links,[<0.37.0>]},
   {dictionary,
       [{'$initial_call',{rpc,init,1}},{'$ancestors',[kernel_sup,<0.36.0>]}]},
   {trap_exit,true},
   {error_handler,error_handler},
   {priority,normal},
   {group_leader,<0.35.0>},
   {total_heap_size,233},
   {heap_size,233},
   {stack_size,10},
   {reductions,32},
   {garbage_collection,
       [{max_heap_size,#{error_logger => true,kill => true,size => 0}},
        {min_bin_vheap_size,46422},
        {min_heap_size,233},
        {fullsweep_after,65535},
        {minor_gcs,0}]},
   {suspending,[]}] 

=>[{registered_name,global_name_server},
   {current_function,{gen_server,loop,7}},
   {initial_call,{proc_lib,init_p,5}},
   {status,waiting},
   {message_queue_len,0},
   {messages,[]},
   {links,[<0.42.0>,<0.43.0>,<0.37.0>]},
   {dictionary,
       [{'$initial_call',{global,init,1}},
        {'$ancestors',[kernel_sup,<0.36.0>]}]},
   {trap_exit,true},
   {error_handler,error_handler},
   {priority,normal},
   {group_leader,<0.35.0>},
   {total_heap_size,233},
   {heap_size,233},
   {stack_size,10},
   {reductions,63},
   {garbage_collection,
       [{max_heap_size,#{error_logger => true,kill => true,size => 0}},
        {min_bin_vheap_size,46422},
        {min_heap_size,233},
        {fullsweep_after,65535},
        {minor_gcs,0}]},
   {suspending,[]}] 

=>[{current_function,{global,loop_the_locker,1}},
   {initial_call,{erlang,apply,2}},
   {status,waiting},
   {message_queue_len,0},
   {messages,[]},
   {links,[<0.41.0>]},
   {dictionary,[]},
   {trap_exit,true},
   {error_handler,error_handler},
   {priority,normal},
   {group_leader,<0.35.0>},
   {total_heap_size,233},
   {heap_size,233},
   {stack_size,5},
   {reductions,25},
   {garbage_collection,
       [{max_heap_size,#{error_logger => true,kill => true,size => 0}},
        {min_bin_vheap_size,46422},
        {min_heap_size,233},
        {fullsweep_after,65535},
        {minor_gcs,0}]},
   {suspending,[]}] 

=>[{current_function,{global,loop_the_registrar,0}},
   {initial_call,{erlang,apply,2}},
   {status,waiting},
   {message_queue_len,0},
   {messages,[]},
   {links,[<0.41.0>]},
   {dictionary,[]},
   {trap_exit,false},
   {error_handler,error_handler},
   {priority,normal},
   {group_leader,<0.35.0>},
   {total_heap_size,233},
   {heap_size,233},
   {stack_size,2},
   {reductions,3},
   {garbage_collection,
       [{max_heap_size,#{error_logger => true,kill => true,size => 0}},
        {min_bin_vheap_size,46422},
        {min_heap_size,233},
        {fullsweep_after,65535},
        {minor_gcs,0}]},
   {suspending,[]}] 

=>[{registered_name,inet_db},
   {current_function,{gen_server,loop,7}},
   {initial_call,{proc_lib,init_p,5}},
   {status,waiting},
   {message_queue_len,0},
   {messages,[]},
   {links,[<0.37.0>]},
   {dictionary,
       [{'$initial_call',{inet_db,init,1}},
        {'$ancestors',[kernel_sup,<0.36.0>]}]},
   {trap_exit,true},
   {error_handler,error_handler},
   {priority,normal},
   {group_leader,<0.35.0>},
   {total_heap_size,609},
   {heap_size,233},
   {stack_size,10},
   {reductions,319},
   {garbage_collection,
       [{max_heap_size,#{error_logger => true,kill => true,size => 0}},
        {min_bin_vheap_size,46422},
        {min_heap_size,233},
        {fullsweep_after,65535},
        {minor_gcs,1}]},
   {suspending,[]}] 

=>[{registered_name,global_group},
   {current_function,{gen_server,loop,7}},
   {initial_call,{proc_lib,init_p,5}},
   {status,waiting},
   {message_queue_len,0},
   {messages,[]},
   {links,[<0.37.0>]},
   {dictionary,
       [{'$initial_call',{global_group,init,1}},
        {'$ancestors',[kernel_sup,<0.36.0>]},
        {registered_names,[undefined]},
        {send,[undefined]},
        {whereis_name,[undefined]}]},
   {trap_exit,true},
   {error_handler,error_handler},
   {priority,max},
   {group_leader,<0.35.0>},
   {total_heap_size,233},
   {heap_size,233},
   {stack_size,10},
   {reductions,74},
   {garbage_collection,
       [{max_heap_size,#{error_logger => true,kill => true,size => 0}},
        {min_bin_vheap_size,46422},
        {min_heap_size,233},
        {fullsweep_after,65535},
        {minor_gcs,0}]},
   {suspending,[]}] 

=>[{registered_name,file_server_2},
   {current_function,{gen_server,loop,7}},
   {initial_call,{proc_lib,init_p,5}},
   {status,waiting},
   {message_queue_len,0},
   {messages,[]},
   {links,[<0.37.0>,#Port<0.298>]},
   {dictionary,
       [{'$initial_call',{file_server,init,1}},
        {'$ancestors',[kernel_sup,<0.36.0>]}]},
   {trap_exit,true},
   {error_handler,error_handler},
   {priority,normal},
   {group_leader,<0.35.0>},
   {total_heap_size,1220},
   {heap_size,610},
   {stack_size,10},
   {reductions,4712},
   {garbage_collection,
       [{max_heap_size,#{error_logger => true,kill => true,size => 0}},
        {min_bin_vheap_size,46422},
        {min_heap_size,233},
        {fullsweep_after,65535},
        {minor_gcs,18}]},
   {suspending,[]}] 

=>[{registered_name,erl_signal_server},
   {current_function,{gen_event,fetch_msg,6}},
   {initial_call,{proc_lib,init_p,5}},
   {status,waiting},
   {message_queue_len,0},
   {messages,[]},
   {links,[<0.37.0>]},
   {dictionary,
       [{'$initial_call',{gen_event,init_it,6}},
        {'$ancestors',[kernel_sup,<0.36.0>]}]},
   {trap_exit,true},
   {error_handler,error_handler},
   {priority,normal},
   {group_leader,<0.35.0>},
   {total_heap_size,233},
   {heap_size,233},
   {stack_size,10},
   {reductions,51},
   {garbage_collection,
       [{max_heap_size,#{error_logger => true,kill => true,size => 0}},
        {min_bin_vheap_size,46422},
        {min_heap_size,233},
        {fullsweep_after,65535},
        {minor_gcs,0}]},
   {suspending,[]}] 

=>[{registered_name,standard_error_sup},
   {current_function,{gen_server,loop,7}},
   {initial_call,{proc_lib,init_p,5}},
   {status,waiting},
   {message_queue_len,0},
   {messages,[]},
   {links,[<0.37.0>,<0.50.0>]},
   {dictionary,
       [{'$initial_call',{supervisor_bridge,standard_error,1}},
        {'$ancestors',[kernel_sup,<0.36.0>]}]},
   {trap_exit,true},
   {error_handler,error_handler},
   {priority,normal},
   {group_leader,<0.35.0>},
   {total_heap_size,233},
   {heap_size,233},
   {stack_size,10},
   {reductions,50},
   {garbage_collection,
       [{max_heap_size,#{error_logger => true,kill => true,size => 0}},
        {min_bin_vheap_size,46422},
        {min_heap_size,233},
        {fullsweep_after,65535},
        {minor_gcs,0}]},
   {suspending,[]}] 

=>[{registered_name,standard_error},
   {current_function,{standard_error,server_loop,1}},
   {initial_call,{erlang,apply,2}},
   {status,waiting},
   {message_queue_len,0},
   {messages,[]},
   {links,[<0.49.0>,#Port<0.304>]},
   {dictionary,[{encoding,latin1}]},
   {trap_exit,true},
   {error_handler,error_handler},
   {priority,normal},
   {group_leader,<0.35.0>},
   {total_heap_size,233},
   {heap_size,233},
   {stack_size,2},
   {reductions,11},
   {garbage_collection,
       [{max_heap_size,#{error_logger => true,kill => true,size => 0}},
        {min_bin_vheap_size,46422},
        {min_heap_size,233},
        {fullsweep_after,65535},
        {minor_gcs,0}]},
   {suspending,[]}] 

=>[{current_function,{gen_server,loop,7}},
   {initial_call,{proc_lib,init_p,5}},
   {status,waiting},
   {message_queue_len,0},
   {messages,[]},
   {links,[<0.37.0>,<0.53.0>]},
   {dictionary,
       [{'$initial_call',{supervisor_bridge,user_sup,1}},
        {'$ancestors',[kernel_sup,<0.36.0>]}]},
   {trap_exit,true},
   {error_handler,error_handler},
   {priority,normal},
   {group_leader,<0.35.0>},
   {total_heap_size,233},
   {heap_size,233},
   {stack_size,10},
   {reductions,72},
   {garbage_collection,
       [{max_heap_size,#{error_logger => true,kill => true,size => 0}},
        {min_bin_vheap_size,46422},
        {min_heap_size,233},
        {fullsweep_after,65535},
        {minor_gcs,0}]},
   {suspending,[]}] 

=>[{registered_name,user_drv},
   {current_function,{user_drv,server_loop,6}},
   {initial_call,{user_drv,server,2}},
   {status,waiting},
   {message_queue_len,0},
   {messages,[]},
   {links,[<0.53.0>,<0.54.0>,#Port<0.309>]},
   {dictionary,[{eof,false},{current_group,<0.54.0>}]},
   {trap_exit,true},
   {error_handler,error_handler},
   {priority,normal},
   {group_leader,<0.35.0>},
   {total_heap_size,2208},
   {heap_size,1598},
   {stack_size,9},
   {reductions,6240},
   {garbage_collection,
       [{max_heap_size,#{error_logger => true,kill => true,size => 0}},
        {min_bin_vheap_size,46422},
        {min_heap_size,233},
        {fullsweep_after,65535},
        {minor_gcs,8}]},
   {suspending,[]}] 

=>[{registered_name,user},
   {current_function,{group,server_loop,3}},
   {initial_call,{group,server,3}},
   {status,waiting},
   {message_queue_len,0},
   {messages,[]},
   {links,[<0.51.0>,<0.52.0>,<0.32.0>]},
   {dictionary,
       [{read_mode,list},
        {line_buffer,[]},
        {expand_fun,#Fun<group.0.70038842>},
        {user_drv,<0.52.0>},
        {kill_buffer,[]},
        {echo,true}]},
   {trap_exit,true},
   {error_handler,error_handler},
   {priority,normal},
   {group_leader,<0.35.0>},
   {total_heap_size,233},
   {heap_size,233},
   {stack_size,4},
   {reductions,87},
   {garbage_collection,
       [{max_heap_size,#{error_logger => true,kill => true,size => 0}},
        {min_bin_vheap_size,46422},
        {min_heap_size,233},
        {fullsweep_after,65535},
        {minor_gcs,0}]},
   {suspending,[]}] 

=>[{current_function,{group,server_loop,3}},
   {initial_call,{group,server,3}},
   {status,waiting},
   {message_queue_len,0},
   {messages,[]},
   {links,[<0.52.0>,<0.60.0>]},
   {dictionary,
       [{read_mode,list},
        {expand_fun,#Fun<group.0.70038842>},
        {line_buffer,
            ["looper:process_infos().\n","looper:process_info().\n",
             "P = spawn(looper, loop3, []).\n"]},
        {user_drv,<0.52.0>},
        {kill_buffer,[]},
        {shell,<0.60.0>},
        {echo,true}]},
   {trap_exit,true},
   {error_handler,error_handler},
   {priority,normal},
   {group_leader,<0.35.0>},
   {total_heap_size,1220},
   {heap_size,610},
   {stack_size,4},
   {reductions,2865},
   {garbage_collection,
       [{max_heap_size,#{error_logger => true,kill => true,size => 0}},
        {min_bin_vheap_size,46422},
        {min_heap_size,233},
        {fullsweep_after,65535},
        {minor_gcs,10}]},
   {suspending,[]}] 

=>[{current_function,{gen_server,loop,7}},
   {initial_call,{proc_lib,init_p,5}},
   {status,waiting},
   {message_queue_len,0},
   {messages,[]},
   {links,[<0.37.0>]},
   {dictionary,
       [{'$initial_call',{kernel_config,init,1}},
        {'$ancestors',[kernel_sup,<0.36.0>]}]},
   {trap_exit,true},
   {error_handler,error_handler},
   {priority,normal},
   {group_leader,<0.35.0>},
   {total_heap_size,233},
   {heap_size,233},
   {stack_size,10},
   {reductions,47},
   {garbage_collection,
       [{max_heap_size,#{error_logger => true,kill => true,size => 0}},
        {min_bin_vheap_size,46422},
        {min_heap_size,233},
        {fullsweep_after,65535},
        {minor_gcs,0}]},
   {suspending,[]}] 

=>[{registered_name,kernel_safe_sup},
   {current_function,{gen_server,loop,7}},
   {initial_call,{proc_lib,init_p,5}},
   {status,waiting},
   {message_queue_len,0},
   {messages,[]},
   {links,[<0.37.0>]},
   {dictionary,
       [{'$initial_call',{supervisor,kernel,1}},
        {'$ancestors',[kernel_sup,<0.36.0>]}]},
   {trap_exit,true},
   {error_handler,error_handler},
   {priority,normal},
   {group_leader,<0.35.0>},
   {total_heap_size,233},
   {heap_size,233},
   {stack_size,10},
   {reductions,83},
   {garbage_collection,
       [{max_heap_size,#{error_logger => true,kill => true,size => 0}},
        {min_bin_vheap_size,46422},
        {min_heap_size,233},
        {fullsweep_after,65535},
        {minor_gcs,0}]},
   {suspending,[]}] 

=>[{current_function,{shell,shell_rep,4}},
   {initial_call,{erlang,apply,2}},
   {status,waiting},
   {message_queue_len,0},
   {messages,[]},
   {links,[<0.65.0>,<0.54.0>]},
   {dictionary,
       [{evaluator,<0.65.0>},
        {{command,1},
         [{match,1,
              {var,1,'P'},
              {call,1,
                  {atom,1,spawn},
                  [{atom,1,looper},{atom,1,loop3},{nil,1}]}}]},
        {{result,1},<0.63.0>},
        {{result,2},
         {'EXIT',
             {undef,
                 [{looper,process_info,[],[]},
                  {erl_eval,do_apply,6,[{file,"erl_eval.erl"},{line,674}]},
                  {shell,exprs,7,[{file,"shell.erl"},{line,687}]},
                  {shell,eval_exprs,7,[{file,"shell.erl"},{line,642}]},
                  {shell,eval_loop,3,[{file,"shell.erl"},{line,627}]}]}}},
        {{command,2},
         [{call,1,{remote,1,{atom,1,looper},{atom,1,process_info}},[]}]}]},
   {trap_exit,true},
   {error_handler,error_handler},
   {priority,normal},
   {group_leader,<0.54.0>},
   {total_heap_size,28689},
   {heap_size,17731},
   {stack_size,17},
   {reductions,4892},
   {garbage_collection,
       [{max_heap_size,#{error_logger => true,kill => true,size => 0}},
        {min_bin_vheap_size,46422},
        {min_heap_size,233},
        {fullsweep_after,65535},
        {minor_gcs,2}]},
   {suspending,[]}] 

=>[{current_function,{looper,loop3,0}},
   {initial_call,{looper,loop3,0}},
   {status,waiting},
   {message_queue_len,0},
   {messages,[]},
   {links,[]},
   {dictionary,[]},
   {trap_exit,false},
   {error_handler,error_handler},
   {priority,normal},
   {group_leader,<0.54.0>},
   {total_heap_size,233},
   {heap_size,233},
   {stack_size,1},
   {reductions,12},
   {garbage_collection,
       [{max_heap_size,#{error_logger => true,kill => true,size => 0}},
        {min_bin_vheap_size,46422},
        {min_heap_size,233},
        {fullsweep_after,65535},
        {minor_gcs,0}]},
   {suspending,[]}] 

=>[{current_function,{looper,'-process_infos/0-lc$^1/1-0-',2}},
   {initial_call,{erlang,apply,2}},
   {status,running},
   {message_queue_len,0},
   {messages,[]},
   {links,[<0.60.0>,#Port<0.449>]},
   {dictionary,[]},
   {trap_exit,false},
   {error_handler,error_handler},
   {priority,normal},
   {group_leader,<0.54.0>},
   {total_heap_size,3202},
   {heap_size,1598},
   {stack_size,85},
   {reductions,157898},
   {garbage_collection,
       [{max_heap_size,#{error_logger => true,kill => true,size => 0}},
        {min_bin_vheap_size,46422},
        {min_heap_size,233},
        {fullsweep_after,65535},
        {minor_gcs,2}]},
   {suspending,[]}] 

=>[{registered_name,init},
   {current_function,{init,loop,1}},
   {initial_call,{otp_ring0,start,2}},
   {status,waiting},
   {message_queue_len,0},
   {messages,[]},
   {links,[<0.32.0>,<0.33.0>,<0.6.0>]},
   {dictionary,[]},
   {trap_exit,true},
   {error_handler,error_handler},
   {priority,normal},
   {group_leader,<0.0.0>},
   {total_heap_size,752},
   {heap_size,376},
   {stack_size,2},
   {reductions,1135},
   {garbage_collection,
       [{max_heap_size,#{error_logger => true,kill => true,size => 0}},
        {min_bin_vheap_size,46422},
        {min_heap_size,233},
        {fullsweep_after,65535},
        {minor_gcs,1}]},
   {suspending,[]}] 

=>[{registered_name,erts_code_purger},
   {current_function,{erts_code_purger,wait_for_request,0}},
   {initial_call,{erts_code_purger,start,0}},
   {status,waiting},
   {message_queue_len,0},
   {messages,[]},
   {links,[]},
   {dictionary,[]},
   {trap_exit,true},
   {error_handler,error_handler},
   {priority,normal},
   {group_leader,<0.0.0>},
   {total_heap_size,233},
   {heap_size,233},
   {stack_size,0},
   {reductions,4},
   {garbage_collection,
       [{max_heap_size,#{error_logger => true,kill => true,size => 0}},
        {min_bin_vheap_size,46422},
        {min_heap_size,233},
        {fullsweep_after,65535},
        {minor_gcs,0}]},
   {suspending,[]}] 

=>[{current_function,{erts_literal_area_collector,msg_loop,4}},
   {initial_call,{erts_literal_area_collector,start,0}},
   {status,waiting},
   {message_queue_len,0},
   {messages,[]},
   {links,[]},
   {dictionary,[]},
   {trap_exit,true},
   {error_handler,error_handler},
   {priority,normal},
   {group_leader,<0.0.0>},
   {total_heap_size,233},
   {heap_size,233},
   {stack_size,5},
   {reductions,3},
   {garbage_collection,
       [{max_heap_size,#{error_logger => true,kill => true,size => 0}},
        {min_bin_vheap_size,46422},
        {min_heap_size,233},
        {fullsweep_after,65535},
        {minor_gcs,0}]},
   {suspending,[]}] 

=>[{current_function,{erts_dirty_process_code_checker,msg_loop,0}},
   {initial_call,{erts_dirty_process_code_checker,start,0}},
   {status,waiting},
   {message_queue_len,0},
   {messages,[]},
   {links,[]},
   {dictionary,[]},
   {trap_exit,true},
   {error_handler,error_handler},
   {priority,normal},
   {group_leader,<0.0.0>},
   {total_heap_size,233},
   {heap_size,233},
   {stack_size,1},
   {reductions,3},
   {garbage_collection,
       [{max_heap_size,#{error_logger => true,kill => true,size => 0}},
        {min_bin_vheap_size,46422},
        {min_heap_size,233},
        {fullsweep_after,65535},
        {minor_gcs,0}]},
   {suspending,[]}] 

=>[{registered_name,erl_prim_loader},
   {current_function,{erl_prim_loader,loop,3}},
   {initial_call,{erlang,apply,2}},
   {status,waiting},
   {message_queue_len,0},
   {messages,[]},
   {links,[#Port<0.1>,<0.0.0>]},
   {dictionary,[]},
   {trap_exit,true},
   {error_handler,error_handler},
   {priority,normal},
   {group_leader,<0.0.0>},
   {total_heap_size,2819},
   {heap_size,233},
   {stack_size,5},
   {reductions,133515},
   {garbage_collection,
       [{max_heap_size,#{error_logger => true,kill => true,size => 0}},
        {min_bin_vheap_size,46422},
        {min_heap_size,233},
        {fullsweep_after,65535},
        {minor_gcs,10}]},
   {suspending,[]}] 

=>[{registered_name,error_logger},
   {current_function,{gen_event,fetch_msg,6}},
   {initial_call,{proc_lib,init_p,5}},
   {status,waiting},
   {message_queue_len,0},
   {messages,[]},
   {links,[<0.0.0>,<0.53.0>]},
   {dictionary,
       [{'$initial_call',{gen_event,init_it,6}},{'$ancestors',[<0.5.0>]}]},
   {trap_exit,true},
   {error_handler,error_handler},
   {priority,normal},
   {group_leader,<0.53.0>},
   {total_heap_size,1262},
   {heap_size,610},
   {stack_size,10},
   {reductions,322},
   {garbage_collection,
       [{max_heap_size,#{error_logger => true,kill => true,size => 0}},
        {min_bin_vheap_size,46422},
        {min_heap_size,233},
        {fullsweep_after,65535},
        {minor_gcs,2}]},
   {suspending,[]}] 

=>[{registered_name,application_controller},
   {current_function,{gen_server,loop,7}},
   {initial_call,{erlang,apply,2}},
   {status,waiting},
   {message_queue_len,0},
   {messages,[]},
   {links,[<0.35.0>,<0.0.0>]},
   {dictionary,
       [{'$initial_call',{application_controller,start,1}},
        {'$ancestors',[<0.5.0>]}]},
   {trap_exit,true},
   {error_handler,error_handler},
   {priority,normal},
   {group_leader,<0.53.0>},
   {total_heap_size,3196},
   {heap_size,1598},
   {stack_size,7},
   {reductions,551},
   {garbage_collection,
       [{max_heap_size,#{error_logger => true,kill => true,size => 0}},
        {min_bin_vheap_size,46422},
        {min_heap_size,233},
        {fullsweep_after,65535},
        {minor_gcs,3}]},
   {suspending,[]}] 

=>[{current_function,{application_master,main_loop,2}},
   {initial_call,{proc_lib,init_p,5}},
   {status,waiting},
   {message_queue_len,0},
   {messages,[]},
   {links,[<0.33.0>,<0.36.0>]},
   {dictionary,
       [{'$initial_call',{application_master,init,4}},
        {'$ancestors',[<0.34.0>]}]},
   {trap_exit,true},
   {error_handler,error_handler},
   {priority,normal},
   {group_leader,<0.35.0>},
   {total_heap_size,609},
   {heap_size,233},
   {stack_size,7},
   {reductions,69},
   {garbage_collection,
       [{max_heap_size,#{error_logger => true,kill => true,size => 0}},
        {min_bin_vheap_size,46422},
        {min_heap_size,233},
        {fullsweep_after,65535},
        {minor_gcs,1}]},
   {suspending,[]}] 

=>[{current_function,{application_master,loop_it,4}},
   {initial_call,{application_master,start_it,4}},
   {status,waiting},
   {message_queue_len,0},
   {messages,[]},
   {links,[<0.35.0>,<0.37.0>]},
   {dictionary,[]},
   {trap_exit,true},
   {error_handler,error_handler},
   {priority,normal},
   {group_leader,<0.35.0>},
   {total_heap_size,233},
   {heap_size,233},
   {stack_size,5},
   {reductions,90},
   {garbage_collection,
       [{max_heap_size,#{error_logger => true,kill => true,size => 0}},
        {min_bin_vheap_size,46422},
        {min_heap_size,233},
        {fullsweep_after,65535},
        {minor_gcs,0}]},
   {suspending,[]}] 

=>[{registered_name,kernel_sup},
   {current_function,{gen_server,loop,7}},
   {initial_call,{proc_lib,init_p,5}},
   {status,waiting},
   {message_queue_len,0},
   {messages,[]},
   {links,
       [<0.48.0>,<0.51.0>,<0.55.0>,<0.56.0>,<0.49.0>,<0.41.0>,<0.46.0>,
        <0.47.0>,<0.44.0>,<0.38.0>,<0.40.0>,<0.36.0>]},
   {dictionary,
       [{'$initial_call',{supervisor,kernel,1}},{'$ancestors',[<0.36.0>]}]},
   {trap_exit,true},
   {error_handler,error_handler},
   {priority,normal},
   {group_leader,<0.35.0>},
   {total_heap_size,7148},
   {heap_size,6772},
   {stack_size,10},
   {reductions,2247},
   {garbage_collection,
       [{max_heap_size,#{error_logger => true,kill => true,size => 0}},
        {min_bin_vheap_size,46422},
        {min_heap_size,233},
        {fullsweep_after,65535},
        {minor_gcs,5}]},
   {suspending,[]}] 

=>[{registered_name,code_server},
   {current_function,{code_server,loop,1}},
   {initial_call,{erlang,apply,2}},
   {status,waiting},
   {message_queue_len,0},
   {messages,[]},
   {links,[<0.37.0>]},
   {dictionary,[]},
   {trap_exit,true},
   {error_handler,error_handler},
   {priority,normal},
   {group_leader,<0.35.0>},
   {total_heap_size,21916},
   {heap_size,4185},
   {stack_size,3},
   {reductions,103911},
   {garbage_collection,
       [{max_heap_size,#{error_logger => true,kill => true,size => 0}},
        {min_bin_vheap_size,46422},
        {min_heap_size,233},
        {fullsweep_after,65535},
        {minor_gcs,41}]},
   {suspending,[]}] 

=>[{registered_name,rex},
   {current_function,{gen_server,loop,7}},
   {initial_call,{proc_lib,init_p,5}},
   {status,waiting},
   {message_queue_len,0},
   {messages,[]},
   {links,[<0.37.0>]},
   {dictionary,
       [{'$initial_call',{rpc,init,1}},{'$ancestors',[kernel_sup,<0.36.0>]}]},
   {trap_exit,true},
   {error_handler,error_handler},
   {priority,normal},
   {group_leader,<0.35.0>},
   {total_heap_size,233},
   {heap_size,233},
   {stack_size,10},
   {reductions,32},
   {garbage_collection,
       [{max_heap_size,#{error_logger => true,kill => true,size => 0}},
        {min_bin_vheap_size,46422},
        {min_heap_size,233},
        {fullsweep_after,65535},
        {minor_gcs,0}]},
   {suspending,[]}] 

=>[{registered_name,global_name_server},
   {current_function,{gen_server,loop,7}},
   {initial_call,{proc_lib,init_p,5}},
   {status,waiting},
   {message_queue_len,0},
   {messages,[]},
   {links,[<0.42.0>,<0.43.0>,<0.37.0>]},
   {dictionary,
       [{'$initial_call',{global,init,1}},
        {'$ancestors',[kernel_sup,<0.36.0>]}]},
   {trap_exit,true},
   {error_handler,error_handler},
   {priority,normal},
   {group_leader,<0.35.0>},
   {total_heap_size,233},
   {heap_size,233},
   {stack_size,10},
   {reductions,63},
   {garbage_collection,
       [{max_heap_size,#{error_logger => true,kill => true,size => 0}},
        {min_bin_vheap_size,46422},
        {min_heap_size,233},
        {fullsweep_after,65535},
        {minor_gcs,0}]},
   {suspending,[]}] 

=>[{current_function,{global,loop_the_locker,1}},
   {initial_call,{erlang,apply,2}},
   {status,waiting},
   {message_queue_len,0},
   {messages,[]},
   {links,[<0.41.0>]},
   {dictionary,[]},
   {trap_exit,true},
   {error_handler,error_handler},
   {priority,normal},
   {group_leader,<0.35.0>},
   {total_heap_size,233},
   {heap_size,233},
   {stack_size,5},
   {reductions,25},
   {garbage_collection,
       [{max_heap_size,#{error_logger => true,kill => true,size => 0}},
        {min_bin_vheap_size,46422},
        {min_heap_size,233},
        {fullsweep_after,65535},
        {minor_gcs,0}]},
   {suspending,[]}] 

=>[{current_function,{global,loop_the_registrar,0}},
   {initial_call,{erlang,apply,2}},
   {status,waiting},
   {message_queue_len,0},
   {messages,[]},
   {links,[<0.41.0>]},
   {dictionary,[]},
   {trap_exit,false},
   {error_handler,error_handler},
   {priority,normal},
   {group_leader,<0.35.0>},
   {total_heap_size,233},
   {heap_size,233},
   {stack_size,2},
   {reductions,3},
   {garbage_collection,
       [{max_heap_size,#{error_logger => true,kill => true,size => 0}},
        {min_bin_vheap_size,46422},
        {min_heap_size,233},
        {fullsweep_after,65535},
        {minor_gcs,0}]},
   {suspending,[]}] 

=>[{registered_name,inet_db},
   {current_function,{gen_server,loop,7}},
   {initial_call,{proc_lib,init_p,5}},
   {status,waiting},
   {message_queue_len,0},
   {messages,[]},
   {links,[<0.37.0>]},
   {dictionary,
       [{'$initial_call',{inet_db,init,1}},
        {'$ancestors',[kernel_sup,<0.36.0>]}]},
   {trap_exit,true},
   {error_handler,error_handler},
   {priority,normal},
   {group_leader,<0.35.0>},
   {total_heap_size,609},
   {heap_size,233},
   {stack_size,10},
   {reductions,319},
   {garbage_collection,
       [{max_heap_size,#{error_logger => true,kill => true,size => 0}},
        {min_bin_vheap_size,46422},
        {min_heap_size,233},
        {fullsweep_after,65535},
        {minor_gcs,1}]},
   {suspending,[]}] 

=>[{registered_name,global_group},
   {current_function,{gen_server,loop,7}},
   {initial_call,{proc_lib,init_p,5}},
   {status,waiting},
   {message_queue_len,0},
   {messages,[]},
   {links,[<0.37.0>]},
   {dictionary,
       [{'$initial_call',{global_group,init,1}},
        {'$ancestors',[kernel_sup,<0.36.0>]},
        {registered_names,[undefined]},
        {send,[undefined]},
        {whereis_name,[undefined]}]},
   {trap_exit,true},
   {error_handler,error_handler},
   {priority,max},
   {group_leader,<0.35.0>},
   {total_heap_size,233},
   {heap_size,233},
   {stack_size,10},
   {reductions,74},
   {garbage_collection,
       [{max_heap_size,#{error_logger => true,kill => true,size => 0}},
        {min_bin_vheap_size,46422},
        {min_heap_size,233},
        {fullsweep_after,65535},
        {minor_gcs,0}]},
   {suspending,[]}] 

=>[{registered_name,file_server_2},
   {current_function,{gen_server,loop,7}},
   {initial_call,{proc_lib,init_p,5}},
   {status,waiting},
   {message_queue_len,0},
   {messages,[]},
   {links,[<0.37.0>,#Port<0.298>]},
   {dictionary,
       [{'$initial_call',{file_server,init,1}},
        {'$ancestors',[kernel_sup,<0.36.0>]}]},
   {trap_exit,true},
   {error_handler,error_handler},
   {priority,normal},
   {group_leader,<0.35.0>},
   {total_heap_size,1220},
   {heap_size,610},
   {stack_size,10},
   {reductions,4351},
   {garbage_collection,
       [{max_heap_size,#{error_logger => true,kill => true,size => 0}},
        {min_bin_vheap_size,46422},
        {min_heap_size,233},
        {fullsweep_after,65535},
        {minor_gcs,18}]},
   {suspending,[]}] 

=>[{registered_name,erl_signal_server},
   {current_function,{gen_event,fetch_msg,6}},
   {initial_call,{proc_lib,init_p,5}},
   {status,waiting},
   {message_queue_len,0},
   {messages,[]},
   {links,[<0.37.0>]},
   {dictionary,
       [{'$initial_call',{gen_event,init_it,6}},
        {'$ancestors',[kernel_sup,<0.36.0>]}]},
   {trap_exit,true},
   {error_handler,error_handler},
   {priority,normal},
   {group_leader,<0.35.0>},
   {total_heap_size,233},
   {heap_size,233},
   {stack_size,10},
   {reductions,51},
   {garbage_collection,
       [{max_heap_size,#{error_logger => true,kill => true,size => 0}},
        {min_bin_vheap_size,46422},
        {min_heap_size,233},
        {fullsweep_after,65535},
        {minor_gcs,0}]},
   {suspending,[]}] 

=>[{registered_name,standard_error_sup},
   {current_function,{gen_server,loop,7}},
   {initial_call,{proc_lib,init_p,5}},
   {status,waiting},
   {message_queue_len,0},
   {messages,[]},
   {links,[<0.37.0>,<0.50.0>]},
   {dictionary,
       [{'$initial_call',{supervisor_bridge,standard_error,1}},
        {'$ancestors',[kernel_sup,<0.36.0>]}]},
   {trap_exit,true},
   {error_handler,error_handler},
   {priority,normal},
   {group_leader,<0.35.0>},
   {total_heap_size,233},
   {heap_size,233},
   {stack_size,10},
   {reductions,50},
   {garbage_collection,
       [{max_heap_size,#{error_logger => true,kill => true,size => 0}},
        {min_bin_vheap_size,46422},
        {min_heap_size,233},
        {fullsweep_after,65535},
        {minor_gcs,0}]},
   {suspending,[]}] 

=>[{registered_name,standard_error},
   {current_function,{standard_error,server_loop,1}},
   {initial_call,{erlang,apply,2}},
   {status,waiting},
   {message_queue_len,0},
   {messages,[]},
   {links,[<0.49.0>,#Port<0.304>]},
   {dictionary,[{encoding,latin1}]},
   {trap_exit,true},
   {error_handler,error_handler},
   {priority,normal},
   {group_leader,<0.35.0>},
   {total_heap_size,233},
   {heap_size,233},
   {stack_size,2},
   {reductions,11},
   {garbage_collection,
       [{max_heap_size,#{error_logger => true,kill => true,size => 0}},
        {min_bin_vheap_size,46422},
        {min_heap_size,233},
        {fullsweep_after,65535},
        {minor_gcs,0}]},
   {suspending,[]}] 

=>[{current_function,{gen_server,loop,7}},
   {initial_call,{proc_lib,init_p,5}},
   {status,waiting},
   {message_queue_len,0},
   {messages,[]},
   {links,[<0.37.0>,<0.53.0>]},
   {dictionary,
       [{'$initial_call',{supervisor_bridge,user_sup,1}},
        {'$ancestors',[kernel_sup,<0.36.0>]}]},
   {trap_exit,true},
   {error_handler,error_handler},
   {priority,normal},
   {group_leader,<0.35.0>},
   {total_heap_size,233},
   {heap_size,233},
   {stack_size,10},
   {reductions,72},
   {garbage_collection,
       [{max_heap_size,#{error_logger => true,kill => true,size => 0}},
        {min_bin_vheap_size,46422},
        {min_heap_size,233},
        {fullsweep_after,65535},
        {minor_gcs,0}]},
   {suspending,[]}] 

=>[{registered_name,user_drv},
   {current_function,{user_drv,server_loop,6}},
   {initial_call,{user_drv,server,2}},
   {status,waiting},
   {message_queue_len,0},
   {messages,[]},
   {links,[<0.53.0>,<0.54.0>,#Port<0.309>]},
   {dictionary,[{eof,false},{current_group,<0.54.0>}]},
   {trap_exit,true},
   {error_handler,error_handler},
   {priority,normal},
   {group_leader,<0.35.0>},
   {total_heap_size,3196},
   {heap_size,2586},
   {stack_size,9},
   {reductions,4999},
   {garbage_collection,
       [{max_heap_size,#{error_logger => true,kill => true,size => 0}},
        {min_bin_vheap_size,46422},
        {min_heap_size,233},
        {fullsweep_after,65535},
        {minor_gcs,7}]},
   {suspending,[]}] 

=>[{registered_name,user},
   {current_function,{group,server_loop,3}},
   {initial_call,{group,server,3}},
   {status,waiting},
   {message_queue_len,0},
   {messages,[]},
   {links,[<0.51.0>,<0.52.0>,<0.32.0>]},
   {dictionary,
       [{read_mode,list},
        {line_buffer,[]},
        {expand_fun,#Fun<group.0.70038842>},
        {user_drv,<0.52.0>},
        {kill_buffer,[]},
        {echo,true}]},
   {trap_exit,true},
   {error_handler,error_handler},
   {priority,normal},
   {group_leader,<0.35.0>},
   {total_heap_size,233},
   {heap_size,233},
   {stack_size,4},
   {reductions,87},
   {garbage_collection,
       [{max_heap_size,#{error_logger => true,kill => true,size => 0}},
        {min_bin_vheap_size,46422},
        {min_heap_size,233},
        {fullsweep_after,65535},
        {minor_gcs,0}]},
   {suspending,[]}] 

=>[{current_function,{group,server_loop,3}},
   {initial_call,{group,server,3}},
   {status,waiting},
   {message_queue_len,0},
   {messages,[]},
   {links,[<0.52.0>,<0.60.0>]},
   {dictionary,
       [{read_mode,list},
        {expand_fun,#Fun<group.0.70038842>},
        {line_buffer,
            ["looper:process_infos().\n","PP = spawn(looper, loop3, []).\n"]},
        {user_drv,<0.52.0>},
        {kill_buffer,[]},
        {shell,<0.60.0>},
        {echo,true}]},
   {trap_exit,true},
   {error_handler,error_handler},
   {priority,normal},
   {group_leader,<0.35.0>},
   {total_heap_size,1597},
   {heap_size,987},
   {stack_size,4},
   {reductions,2204},
   {garbage_collection,
       [{max_heap_size,#{error_logger => true,kill => true,size => 0}},
        {min_bin_vheap_size,46422},
        {min_heap_size,233},
        {fullsweep_after,65535},
        {minor_gcs,7}]},
   {suspending,[]}] 

=>[{current_function,{gen_server,loop,7}},
   {initial_call,{proc_lib,init_p,5}},
   {status,waiting},
   {message_queue_len,0},
   {messages,[]},
   {links,[<0.37.0>]},
   {dictionary,
       [{'$initial_call',{kernel_config,init,1}},
        {'$ancestors',[kernel_sup,<0.36.0>]}]},
   {trap_exit,true},
   {error_handler,error_handler},
   {priority,normal},
   {group_leader,<0.35.0>},
   {total_heap_size,233},
   {heap_size,233},
   {stack_size,10},
   {reductions,47},
   {garbage_collection,
       [{max_heap_size,#{error_logger => true,kill => true,size => 0}},
        {min_bin_vheap_size,46422},
        {min_heap_size,233},
        {fullsweep_after,65535},
        {minor_gcs,0}]},
   {suspending,[]}] 

=>[{registered_name,kernel_safe_sup},
   {current_function,{gen_server,loop,7}},
   {initial_call,{proc_lib,init_p,5}},
   {status,waiting},
   {message_queue_len,0},
   {messages,[]},
   {links,[<0.37.0>]},
   {dictionary,
       [{'$initial_call',{supervisor,kernel,1}},
        {'$ancestors',[kernel_sup,<0.36.0>]}]},
   {trap_exit,true},
   {error_handler,error_handler},
   {priority,normal},
   {group_leader,<0.35.0>},
   {total_heap_size,233},
   {heap_size,233},
   {stack_size,10},
   {reductions,83},
   {garbage_collection,
       [{max_heap_size,#{error_logger => true,kill => true,size => 0}},
        {min_bin_vheap_size,46422},
        {min_heap_size,233},
        {fullsweep_after,65535},
        {minor_gcs,0}]},
   {suspending,[]}] 

=>[{current_function,{shell,shell_rep,4}},
   {initial_call,{erlang,apply,2}},
   {status,waiting},
   {message_queue_len,0},
   {messages,[]},
   {links,[<0.61.0>,<0.54.0>]},
   {dictionary,
       [{evaluator,<0.61.0>},
        {{command,1},
         [{match,1,
              {var,1,'PP'},
              {call,1,
                  {atom,1,spawn},
                  [{atom,1,looper},{atom,1,loop3},{nil,1}]}}]},
        {{result,1},<0.63.0>}]},
   {trap_exit,true},
   {error_handler,error_handler},
   {priority,normal},
   {group_leader,<0.54.0>},
   {total_heap_size,28689},
   {heap_size,17731},
   {stack_size,17},
   {reductions,3840},
   {garbage_collection,
       [{max_heap_size,#{error_logger => true,kill => true,size => 0}},
        {min_bin_vheap_size,46422},
        {min_heap_size,233},
        {fullsweep_after,65535},
        {minor_gcs,2}]},
   {suspending,[]}] 

=>[{current_function,{looper,'-process_infos/0-lc$^1/1-0-',2}},
   {initial_call,{erlang,apply,2}},
   {status,running},
   {message_queue_len,0},
   {messages,[]},
   {links,[<0.60.0>,#Port<0.449>]},
   {dictionary,[]},
   {trap_exit,false},
   {error_handler,error_handler},
   {priority,normal},
   {group_leader,<0.54.0>},
   {total_heap_size,6809},
   {heap_size,2586},
   {stack_size,83},
   {reductions,152318},
   {garbage_collection,
       [{max_heap_size,#{error_logger => true,kill => true,size => 0}},
        {min_bin_vheap_size,46422},
        {min_heap_size,233},
        {fullsweep_after,65535},
        {minor_gcs,32}]},
   {suspending,[]}] 

=>[{current_function,{looper,loop3,0}},
   {initial_call,{looper,loop3,0}},
   {status,waiting},
   {message_queue_len,0},
   {messages,[]},
   {links,[]},
   {dictionary,[]},
   {trap_exit,false},
   {error_handler,error_handler},
   {priority,normal},
   {group_leader,<0.54.0>},
   {total_heap_size,233},
   {heap_size,233},
   {stack_size,1},
   {reductions,12},
   {garbage_collection,
       [{max_heap_size,#{error_logger => true,kill => true,size => 0}},
        {min_bin_vheap_size,46422},
        {min_heap_size,233},
        {fullsweep_after,65535},
        {minor_gcs,0}]},
   {suspending,[]}] 

=>[{registered_name,init},
   {current_function,{init,loop,1}},
   {initial_call,{otp_ring0,start,2}},
   {status,waiting},
   {message_queue_len,0},
   {messages,[]},
   {links,[<0.32.0>,<0.33.0>,<0.6.0>]},
   {dictionary,[]},
   {trap_exit,true},
   {error_handler,error_handler},
   {priority,normal},
   {group_leader,<0.0.0>},
   {total_heap_size,752},
   {heap_size,376},
   {stack_size,2},
   {reductions,1135},
   {garbage_collection,
       [{max_heap_size,#{error_logger => true,kill => true,size => 0}},
        {min_bin_vheap_size,46422},
        {min_heap_size,233},
        {fullsweep_after,65535},
        {minor_gcs,1}]},
   {suspending,[]}] 

=>[{registered_name,erts_code_purger},
   {current_function,{erts_code_purger,wait_for_request,0}},
   {initial_call,{erts_code_purger,start,0}},
   {status,waiting},
   {message_queue_len,0},
   {messages,[]},
   {links,[]},
   {dictionary,[]},
   {trap_exit,true},
   {error_handler,error_handler},
   {priority,normal},
   {group_leader,<0.0.0>},
   {total_heap_size,233},
   {heap_size,233},
   {stack_size,0},
   {reductions,4},
   {garbage_collection,
       [{max_heap_size,#{error_logger => true,kill => true,size => 0}},
        {min_bin_vheap_size,46422},
        {min_heap_size,233},
        {fullsweep_after,65535},
        {minor_gcs,0}]},
   {suspending,[]}] 

=>[{current_function,{erts_literal_area_collector,msg_loop,4}},
   {initial_call,{erts_literal_area_collector,start,0}},
   {status,waiting},
   {message_queue_len,0},
   {messages,[]},
   {links,[]},
   {dictionary,[]},
   {trap_exit,true},
   {error_handler,error_handler},
   {priority,normal},
   {group_leader,<0.0.0>},
   {total_heap_size,233},
   {heap_size,233},
   {stack_size,5},
   {reductions,3},
   {garbage_collection,
       [{max_heap_size,#{error_logger => true,kill => true,size => 0}},
        {min_bin_vheap_size,46422},
        {min_heap_size,233},
        {fullsweep_after,65535},
        {minor_gcs,0}]},
   {suspending,[]}] 

=>[{current_function,{erts_dirty_process_code_checker,msg_loop,0}},
   {initial_call,{erts_dirty_process_code_checker,start,0}},
   {status,waiting},
   {message_queue_len,0},
   {messages,[]},
   {links,[]},
   {dictionary,[]},
   {trap_exit,true},
   {error_handler,error_handler},
   {priority,normal},
   {group_leader,<0.0.0>},
   {total_heap_size,233},
   {heap_size,233},
   {stack_size,1},
   {reductions,3},
   {garbage_collection,
       [{max_heap_size,#{error_logger => true,kill => true,size => 0}},
        {min_bin_vheap_size,46422},
        {min_heap_size,233},
        {fullsweep_after,65535},
        {minor_gcs,0}]},
   {suspending,[]}] 

=>[{registered_name,erl_prim_loader},
   {current_function,{erl_prim_loader,loop,3}},
   {initial_call,{erlang,apply,2}},
   {status,waiting},
   {message_queue_len,0},
   {messages,[]},
   {links,[#Port<0.1>,<0.0.0>]},
   {dictionary,[]},
   {trap_exit,true},
   {error_handler,error_handler},
   {priority,normal},
   {group_leader,<0.0.0>},
   {total_heap_size,2819},
   {heap_size,233},
   {stack_size,5},
   {reductions,133515},
   {garbage_collection,
       [{max_heap_size,#{error_logger => true,kill => true,size => 0}},
        {min_bin_vheap_size,46422},
        {min_heap_size,233},
        {fullsweep_after,65535},
        {minor_gcs,10}]},
   {suspending,[]}] 

=>[{registered_name,error_logger},
   {current_function,{gen_event,fetch_msg,6}},
   {initial_call,{proc_lib,init_p,5}},
   {status,waiting},
   {message_queue_len,0},
   {messages,[]},
   {links,[<0.0.0>,<0.53.0>]},
   {dictionary,
       [{'$initial_call',{gen_event,init_it,6}},{'$ancestors',[<0.5.0>]}]},
   {trap_exit,true},
   {error_handler,error_handler},
   {priority,normal},
   {group_leader,<0.53.0>},
   {total_heap_size,1262},
   {heap_size,610},
   {stack_size,10},
   {reductions,322},
   {garbage_collection,
       [{max_heap_size,#{error_logger => true,kill => true,size => 0}},
        {min_bin_vheap_size,46422},
        {min_heap_size,233},
        {fullsweep_after,65535},
        {minor_gcs,2}]},
   {suspending,[]}] 

=>[{registered_name,application_controller},
   {current_function,{gen_server,loop,7}},
   {initial_call,{erlang,apply,2}},
   {status,waiting},
   {message_queue_len,0},
   {messages,[]},
   {links,[<0.35.0>,<0.0.0>]},
   {dictionary,
       [{'$initial_call',{application_controller,start,1}},
        {'$ancestors',[<0.5.0>]}]},
   {trap_exit,true},
   {error_handler,error_handler},
   {priority,normal},
   {group_leader,<0.53.0>},
   {total_heap_size,3196},
   {heap_size,1598},
   {stack_size,7},
   {reductions,551},
   {garbage_collection,
       [{max_heap_size,#{error_logger => true,kill => true,size => 0}},
        {min_bin_vheap_size,46422},
        {min_heap_size,233},
        {fullsweep_after,65535},
        {minor_gcs,3}]},
   {suspending,[]}] 

=>[{current_function,{application_master,main_loop,2}},
   {initial_call,{proc_lib,init_p,5}},
   {status,waiting},
   {message_queue_len,0},
   {messages,[]},
   {links,[<0.33.0>,<0.36.0>]},
   {dictionary,
       [{'$initial_call',{application_master,init,4}},
        {'$ancestors',[<0.34.0>]}]},
   {trap_exit,true},
   {error_handler,error_handler},
   {priority,normal},
   {group_leader,<0.35.0>},
   {total_heap_size,609},
   {heap_size,233},
   {stack_size,7},
   {reductions,69},
   {garbage_collection,
       [{max_heap_size,#{error_logger => true,kill => true,size => 0}},
        {min_bin_vheap_size,46422},
        {min_heap_size,233},
        {fullsweep_after,65535},
        {minor_gcs,1}]},
   {suspending,[]}] 

=>[{current_function,{application_master,loop_it,4}},
   {initial_call,{application_master,start_it,4}},
   {status,waiting},
   {message_queue_len,0},
   {messages,[]},
   {links,[<0.35.0>,<0.37.0>]},
   {dictionary,[]},
   {trap_exit,true},
   {error_handler,error_handler},
   {priority,normal},
   {group_leader,<0.35.0>},
   {total_heap_size,233},
   {heap_size,233},
   {stack_size,5},
   {reductions,90},
   {garbage_collection,
       [{max_heap_size,#{error_logger => true,kill => true,size => 0}},
        {min_bin_vheap_size,46422},
        {min_heap_size,233},
        {fullsweep_after,65535},
        {minor_gcs,0}]},
   {suspending,[]}] 

=>[{registered_name,kernel_sup},
   {current_function,{gen_server,loop,7}},
   {initial_call,{proc_lib,init_p,5}},
   {status,waiting},
   {message_queue_len,0},
   {messages,[]},
   {links,
       [<0.48.0>,<0.51.0>,<0.55.0>,<0.56.0>,<0.49.0>,<0.41.0>,<0.46.0>,
        <0.47.0>,<0.44.0>,<0.38.0>,<0.40.0>,<0.36.0>]},
   {dictionary,
       [{'$initial_call',{supervisor,kernel,1}},{'$ancestors',[<0.36.0>]}]},
   {trap_exit,true},
   {error_handler,error_handler},
   {priority,normal},
   {group_leader,<0.35.0>},
   {total_heap_size,7148},
   {heap_size,6772},
   {stack_size,10},
   {reductions,2247},
   {garbage_collection,
       [{max_heap_size,#{error_logger => true,kill => true,size => 0}},
        {min_bin_vheap_size,46422},
        {min_heap_size,233},
        {fullsweep_after,65535},
        {minor_gcs,5}]},
   {suspending,[]}] 

=>[{registered_name,code_server},
   {current_function,{code_server,loop,1}},
   {initial_call,{erlang,apply,2}},
   {status,waiting},
   {message_queue_len,0},
   {messages,[]},
   {links,[<0.37.0>]},
   {dictionary,[]},
   {trap_exit,true},
   {error_handler,error_handler},
   {priority,normal},
   {group_leader,<0.35.0>},
   {total_heap_size,21916},
   {heap_size,4185},
   {stack_size,3},
   {reductions,103911},
   {garbage_collection,
       [{max_heap_size,#{error_logger => true,kill => true,size => 0}},
        {min_bin_vheap_size,46422},
        {min_heap_size,233},
        {fullsweep_after,65535},
        {minor_gcs,41}]},
   {suspending,[]}] 

=>[{registered_name,rex},
   {current_function,{gen_server,loop,7}},
   {initial_call,{proc_lib,init_p,5}},
   {status,waiting},
   {message_queue_len,0},
   {messages,[]},
   {links,[<0.37.0>]},
   {dictionary,
       [{'$initial_call',{rpc,init,1}},{'$ancestors',[kernel_sup,<0.36.0>]}]},
   {trap_exit,true},
   {error_handler,error_handler},
   {priority,normal},
   {group_leader,<0.35.0>},
   {total_heap_size,233},
   {heap_size,233},
   {stack_size,10},
   {reductions,32},
   {garbage_collection,
       [{max_heap_size,#{error_logger => true,kill => true,size => 0}},
        {min_bin_vheap_size,46422},
        {min_heap_size,233},
        {fullsweep_after,65535},
        {minor_gcs,0}]},
   {suspending,[]}] 

=>[{registered_name,global_name_server},
   {current_function,{gen_server,loop,7}},
   {initial_call,{proc_lib,init_p,5}},
   {status,waiting},
   {message_queue_len,0},
   {messages,[]},
   {links,[<0.42.0>,<0.43.0>,<0.37.0>]},
   {dictionary,
       [{'$initial_call',{global,init,1}},
        {'$ancestors',[kernel_sup,<0.36.0>]}]},
   {trap_exit,true},
   {error_handler,error_handler},
   {priority,normal},
   {group_leader,<0.35.0>},
   {total_heap_size,233},
   {heap_size,233},
   {stack_size,10},
   {reductions,63},
   {garbage_collection,
       [{max_heap_size,#{error_logger => true,kill => true,size => 0}},
        {min_bin_vheap_size,46422},
        {min_heap_size,233},
        {fullsweep_after,65535},
        {minor_gcs,0}]},
   {suspending,[]}] 

=>[{current_function,{global,loop_the_locker,1}},
   {initial_call,{erlang,apply,2}},
   {status,waiting},
   {message_queue_len,0},
   {messages,[]},
   {links,[<0.41.0>]},
   {dictionary,[]},
   {trap_exit,true},
   {error_handler,error_handler},
   {priority,normal},
   {group_leader,<0.35.0>},
   {total_heap_size,233},
   {heap_size,233},
   {stack_size,5},
   {reductions,25},
   {garbage_collection,
       [{max_heap_size,#{error_logger => true,kill => true,size => 0}},
        {min_bin_vheap_size,46422},
        {min_heap_size,233},
        {fullsweep_after,65535},
        {minor_gcs,0}]},
   {suspending,[]}] 

=>[{current_function,{global,loop_the_registrar,0}},
   {initial_call,{erlang,apply,2}},
   {status,waiting},
   {message_queue_len,0},
   {messages,[]},
   {links,[<0.41.0>]},
   {dictionary,[]},
   {trap_exit,false},
   {error_handler,error_handler},
   {priority,normal},
   {group_leader,<0.35.0>},
   {total_heap_size,233},
   {heap_size,233},
   {stack_size,2},
   {reductions,3},
   {garbage_collection,
       [{max_heap_size,#{error_logger => true,kill => true,size => 0}},
        {min_bin_vheap_size,46422},
        {min_heap_size,233},
        {fullsweep_after,65535},
        {minor_gcs,0}]},
   {suspending,[]}] 

=>[{registered_name,inet_db},
   {current_function,{gen_server,loop,7}},
   {initial_call,{proc_lib,init_p,5}},
   {status,waiting},
   {message_queue_len,0},
   {messages,[]},
   {links,[<0.37.0>]},
   {dictionary,
       [{'$initial_call',{inet_db,init,1}},
        {'$ancestors',[kernel_sup,<0.36.0>]}]},
   {trap_exit,true},
   {error_handler,error_handler},
   {priority,normal},
   {group_leader,<0.35.0>},
   {total_heap_size,609},
   {heap_size,233},
   {stack_size,10},
   {reductions,319},
   {garbage_collection,
       [{max_heap_size,#{error_logger => true,kill => true,size => 0}},
        {min_bin_vheap_size,46422},
        {min_heap_size,233},
        {fullsweep_after,65535},
        {minor_gcs,1}]},
   {suspending,[]}] 

=>[{registered_name,global_group},
   {current_function,{gen_server,loop,7}},
   {initial_call,{proc_lib,init_p,5}},
   {status,waiting},
   {message_queue_len,0},
   {messages,[]},
   {links,[<0.37.0>]},
   {dictionary,
       [{'$initial_call',{global_group,init,1}},
        {'$ancestors',[kernel_sup,<0.36.0>]},
        {registered_names,[undefined]},
        {send,[undefined]},
        {whereis_name,[undefined]}]},
   {trap_exit,true},
   {error_handler,error_handler},
   {priority,max},
   {group_leader,<0.35.0>},
   {total_heap_size,233},
   {heap_size,233},
   {stack_size,10},
   {reductions,74},
   {garbage_collection,
       [{max_heap_size,#{error_logger => true,kill => true,size => 0}},
        {min_bin_vheap_size,46422},
        {min_heap_size,233},
        {fullsweep_after,65535},
        {minor_gcs,0}]},
   {suspending,[]}] 

=>[{registered_name,file_server_2},
   {current_function,{gen_server,loop,7}},
   {initial_call,{proc_lib,init_p,5}},
   {status,waiting},
   {message_queue_len,0},
   {messages,[]},
   {links,[<0.37.0>,#Port<0.298>]},
   {dictionary,
       [{'$initial_call',{file_server,init,1}},
        {'$ancestors',[kernel_sup,<0.36.0>]}]},
   {trap_exit,true},
   {error_handler,error_handler},
   {priority,normal},
   {group_leader,<0.35.0>},
   {total_heap_size,2208},
   {heap_size,1598},
   {stack_size,10},
   {reductions,11465},
   {garbage_collection,
       [{max_heap_size,#{error_logger => true,kill => true,size => 0}},
        {min_bin_vheap_size,46422},
        {min_heap_size,233},
        {fullsweep_after,65535},
        {minor_gcs,36}]},
   {suspending,[]}] 

=>[{registered_name,erl_signal_server},
   {current_function,{gen_event,fetch_msg,6}},
   {initial_call,{proc_lib,init_p,5}},
   {status,waiting},
   {message_queue_len,0},
   {messages,[]},
   {links,[<0.37.0>]},
   {dictionary,
       [{'$initial_call',{gen_event,init_it,6}},
        {'$ancestors',[kernel_sup,<0.36.0>]}]},
   {trap_exit,true},
   {error_handler,error_handler},
   {priority,normal},
   {group_leader,<0.35.0>},
   {total_heap_size,233},
   {heap_size,233},
   {stack_size,10},
   {reductions,51},
   {garbage_collection,
       [{max_heap_size,#{error_logger => true,kill => true,size => 0}},
        {min_bin_vheap_size,46422},
        {min_heap_size,233},
        {fullsweep_after,65535},
        {minor_gcs,0}]},
   {suspending,[]}] 

=>[{registered_name,standard_error_sup},
   {current_function,{gen_server,loop,7}},
   {initial_call,{proc_lib,init_p,5}},
   {status,waiting},
   {message_queue_len,0},
   {messages,[]},
   {links,[<0.37.0>,<0.50.0>]},
   {dictionary,
       [{'$initial_call',{supervisor_bridge,standard_error,1}},
        {'$ancestors',[kernel_sup,<0.36.0>]}]},
   {trap_exit,true},
   {error_handler,error_handler},
   {priority,normal},
   {group_leader,<0.35.0>},
   {total_heap_size,233},
   {heap_size,233},
   {stack_size,10},
   {reductions,50},
   {garbage_collection,
       [{max_heap_size,#{error_logger => true,kill => true,size => 0}},
        {min_bin_vheap_size,46422},
        {min_heap_size,233},
        {fullsweep_after,65535},
        {minor_gcs,0}]},
   {suspending,[]}] 

=>[{registered_name,standard_error},
   {current_function,{standard_error,server_loop,1}},
   {initial_call,{erlang,apply,2}},
   {status,waiting},
   {message_queue_len,0},
   {messages,[]},
   {links,[<0.49.0>,#Port<0.304>]},
   {dictionary,[{encoding,latin1}]},
   {trap_exit,true},
   {error_handler,error_handler},
   {priority,normal},
   {group_leader,<0.35.0>},
   {total_heap_size,233},
   {heap_size,233},
   {stack_size,2},
   {reductions,11},
   {garbage_collection,
       [{max_heap_size,#{error_logger => true,kill => true,size => 0}},
        {min_bin_vheap_size,46422},
        {min_heap_size,233},
        {fullsweep_after,65535},
        {minor_gcs,0}]},
   {suspending,[]}] 

=>[{current_function,{gen_server,loop,7}},
   {initial_call,{proc_lib,init_p,5}},
   {status,waiting},
   {message_queue_len,0},
   {messages,[]},
   {links,[<0.37.0>,<0.53.0>]},
   {dictionary,
       [{'$initial_call',{supervisor_bridge,user_sup,1}},
        {'$ancestors',[kernel_sup,<0.36.0>]}]},
   {trap_exit,true},
   {error_handler,error_handler},
   {priority,normal},
   {group_leader,<0.35.0>},
   {total_heap_size,233},
   {heap_size,233},
   {stack_size,10},
   {reductions,72},
   {garbage_collection,
       [{max_heap_size,#{error_logger => true,kill => true,size => 0}},
        {min_bin_vheap_size,46422},
        {min_heap_size,233},
        {fullsweep_after,65535},
        {minor_gcs,0}]},
   {suspending,[]}] 

=>[{registered_name,user_drv},
   {current_function,{user_drv,server_loop,6}},
   {initial_call,{user_drv,server,2}},
   {status,waiting},
   {message_queue_len,0},
   {messages,[]},
   {links,[<0.53.0>,<0.54.0>,#Port<0.309>]},
   {dictionary,[{eof,false},{current_group,<0.54.0>}]},
   {trap_exit,true},
   {error_handler,error_handler},
   {priority,normal},
   {group_leader,<0.35.0>},
   {total_heap_size,3196},
   {heap_size,2586},
   {stack_size,9},
   {reductions,5786},
   {garbage_collection,
       [{max_heap_size,#{error_logger => true,kill => true,size => 0}},
        {min_bin_vheap_size,46422},
        {min_heap_size,233},
        {fullsweep_after,65535},
        {minor_gcs,7}]},
   {suspending,[]}] 

=>[{registered_name,user},
   {current_function,{group,server_loop,3}},
   {initial_call,{group,server,3}},
   {status,waiting},
   {message_queue_len,0},
   {messages,[]},
   {links,[<0.51.0>,<0.52.0>,<0.32.0>]},
   {dictionary,
       [{read_mode,list},
        {line_buffer,[]},
        {expand_fun,#Fun<group.0.70038842>},
        {user_drv,<0.52.0>},
        {kill_buffer,[]},
        {echo,true}]},
   {trap_exit,true},
   {error_handler,error_handler},
   {priority,normal},
   {group_leader,<0.35.0>},
   {total_heap_size,233},
   {heap_size,233},
   {stack_size,4},
   {reductions,87},
   {garbage_collection,
       [{max_heap_size,#{error_logger => true,kill => true,size => 0}},
        {min_bin_vheap_size,46422},
        {min_heap_size,233},
        {fullsweep_after,65535},
        {minor_gcs,0}]},
   {suspending,[]}] 

=>[{current_function,{group,server_loop,3}},
   {initial_call,{group,server,3}},
   {status,waiting},
   {message_queue_len,0},
   {messages,[]},
   {links,[<0.52.0>,<0.60.0>]},
   {dictionary,
       [{read_mode,list},
        {expand_fun,#Fun<group.0.70038842>},
        {line_buffer,
            ["looper:process_infos().\n","PP = spawn(looper, loop3, []).\n"]},
        {user_drv,<0.52.0>},
        {kill_buffer,[]},
        {shell,<0.60.0>},
        {echo,true}]},
   {trap_exit,true},
   {error_handler,error_handler},
   {priority,normal},
   {group_leader,<0.35.0>},
   {total_heap_size,2208},
   {heap_size,1598},
   {stack_size,4},
   {reductions,2740},
   {garbage_collection,
       [{max_heap_size,#{error_logger => true,kill => true,size => 0}},
        {min_bin_vheap_size,46422},
        {min_heap_size,233},
        {fullsweep_after,65535},
        {minor_gcs,8}]},
   {suspending,[]}] 

=>[{current_function,{gen_server,loop,7}},
   {initial_call,{proc_lib,init_p,5}},
   {status,waiting},
   {message_queue_len,0},
   {messages,[]},
   {links,[<0.37.0>]},
   {dictionary,
       [{'$initial_call',{kernel_config,init,1}},
        {'$ancestors',[kernel_sup,<0.36.0>]}]},
   {trap_exit,true},
   {error_handler,error_handler},
   {priority,normal},
   {group_leader,<0.35.0>},
   {total_heap_size,233},
   {heap_size,233},
   {stack_size,10},
   {reductions,47},
   {garbage_collection,
       [{max_heap_size,#{error_logger => true,kill => true,size => 0}},
        {min_bin_vheap_size,46422},
        {min_heap_size,233},
        {fullsweep_after,65535},
        {minor_gcs,0}]},
   {suspending,[]}] 

=>[{registered_name,kernel_safe_sup},
   {current_function,{gen_server,loop,7}},
   {initial_call,{proc_lib,init_p,5}},
   {status,waiting},
   {message_queue_len,0},
   {messages,[]},
   {links,[<0.37.0>]},
   {dictionary,
       [{'$initial_call',{supervisor,kernel,1}},
        {'$ancestors',[kernel_sup,<0.36.0>]}]},
   {trap_exit,true},
   {error_handler,error_handler},
   {priority,normal},
   {group_leader,<0.35.0>},
   {total_heap_size,233},
   {heap_size,233},
   {stack_size,10},
   {reductions,83},
   {garbage_collection,
       [{max_heap_size,#{error_logger => true,kill => true,size => 0}},
        {min_bin_vheap_size,46422},
        {min_heap_size,233},
        {fullsweep_after,65535},
        {minor_gcs,0}]},
   {suspending,[]}] 

=>[{current_function,{shell,shell_rep,4}},
   {initial_call,{erlang,apply,2}},
   {status,waiting},
   {message_queue_len,0},
   {messages,[]},
   {links,[<0.61.0>,<0.54.0>]},
   {dictionary,
       [{evaluator,<0.61.0>},
        {{command,1},
         [{match,1,
              {var,1,'PP'},
              {call,1,
                  {atom,1,spawn},
                  [{atom,1,looper},{atom,1,loop3},{nil,1}]}}]},
        {{result,1},<0.63.0>},
        {{result,2},
         [ok,ok,ok,ok,ok,ok,ok,ok,ok,ok,ok,ok,ok,ok,ok,ok,ok,ok,ok,ok,ok,ok,
          ok,ok,ok,ok,ok,ok,ok,ok]},
        {{command,2},
         [{call,1,{remote,1,{atom,1,looper},{atom,1,process_infos}},[]}]}]},
   {trap_exit,true},
   {error_handler,error_handler},
   {priority,normal},
   {group_leader,<0.54.0>},
   {total_heap_size,28689},
   {heap_size,17731},
   {stack_size,17},
   {reductions,4077},
   {garbage_collection,
       [{max_heap_size,#{error_logger => true,kill => true,size => 0}},
        {min_bin_vheap_size,46422},
        {min_heap_size,233},
        {fullsweep_after,65535},
        {minor_gcs,2}]},
   {suspending,[]}] 

=>[{current_function,{looper,'-process_infos/0-lc$^1/1-0-',2}},
   {initial_call,{erlang,apply,2}},
   {status,running},
   {message_queue_len,0},
   {messages,[]},
   {links,[#Port<0.456>,<0.60.0>,#Port<0.449>]},
   {dictionary,[]},
   {trap_exit,false},
   {error_handler,error_handler},
   {priority,normal},
   {group_leader,<0.54.0>},
   {total_heap_size,13544},
   {heap_size,6772},
   {stack_size,83},
   {reductions,314506},
   {garbage_collection,
       [{max_heap_size,#{error_logger => true,kill => true,size => 0}},
        {min_bin_vheap_size,46422},
        {min_heap_size,233},
        {fullsweep_after,65535},
        {minor_gcs,22}]},
   {suspending,[]}] 

=>[{current_function,{looper,loop3,0}},
   {initial_call,{looper,loop3,0}},
   {status,waiting},
   {message_queue_len,0},
   {messages,[]},
   {links,[]},
   {dictionary,[]},
   {trap_exit,false},
   {error_handler,error_handler},
   {priority,normal},
   {group_leader,<0.54.0>},
   {total_heap_size,233},
   {heap_size,233},
   {stack_size,1},
   {reductions,12},
   {garbage_collection,
       [{max_heap_size,#{error_logger => true,kill => true,size => 0}},
        {min_bin_vheap_size,46422},
        {min_heap_size,233},
        {fullsweep_after,65535},
        {minor_gcs,0}]},
   {suspending,[]}] 

